2026-03-17 19:52:26,343 | INFO | [SKIP] Europages disabled
2026-03-17 19:52:26,344 | INFO | [SKIP] Kompass disabled
2026-03-17 19:52:26,345 | INFO | [SKIP] TradeIndia disabled
2026-03-17 19:52:26,346 | INFO | [SKIP] ExportersIndia disabled
2026-03-17 19:52:26,347 | INFO | [SKIP] IndiaMART disabled
2026-03-17 19:52:26,347 | INFO | [SKIP] Justdial disabled
2026-03-17 19:52:26,347 | INFO | [SKIP] Yellow Pages India disabled
2026-03-17 19:52:26,347 | INFO | [SKIP] Go4WorldBusiness disabled
2026-03-17 19:52:26,351 | INFO | Saved 0 leads
2026-03-17 19:54:36,908 | WARNING | [BLOCKED] Europages robots disallow https://www.europages.co.uk/companies/potato+buyer+india.html
2026-03-17 19:54:36,908 | WARNING | [BLOCKED] Europages robots disallow https://www.europages.co.uk/companies/potato+importer+india.html
2026-03-17 19:54:36,909 | WARNING | [BLOCKED] Europages robots disallow https://www.europages.co.uk/companies/potato+distributor+india.html
2026-03-17 19:54:36,909 | WARNING | [BLOCKED] Europages robots disallow https://www.europages.co.uk/companies/potato+wholesaler+india.html
2026-03-17 19:54:36,909 | WARNING | [BLOCKED] Europages robots disallow https://www.europages.co.uk/companies/fresh+potato+buyer+india.html
2026-03-17 19:54:36,909 | WARNING | [BLOCKED] Europages robots disallow https://www.europages.co.uk/companies/processing+potato+buyer+india.html
2026-03-17 19:54:36,909 | WARNING | [BLOCKED] Europages robots disallow https://www.europages.co.uk/companies/frozen+potato+buyer+india.html
2026-03-17 19:54:36,910 | WARNING | [BLOCKED] Europages robots disallow https://www.europages.co.uk/companies/table+potato+buyer+india.html
2026-03-17 19:54:36,910 | WARNING | [BLOCKED] Europages robots disallow https://www.europages.co.uk/companies/seed+potato+buyer+india.html
2026-03-17 19:54:36,910 | WARNING | [BLOCKED] Europages robots disallow https://www.europages.co.uk/companies/potato+chips+manufacturer+india.html
2026-03-17 19:54:36,910 | WARNING | [BLOCKED] Europages robots disallow https://www.europages.co.uk/companies/french+fries+manufacturer+india.html
2026-03-17 19:54:36,910 | WARNING | [BLOCKED] Europages robots disallow https://www.europages.co.uk/companies/potato+starch+buyer+india.html
2026-03-17 19:54:36,910 | WARNING | [BLOCKED] Europages robots disallow https://www.europages.co.uk/companies/dehydrated+potato+buyer+india.html
2026-03-17 19:54:36,911 | WARNING | [BLOCKED] Europages robots disallow https://www.europages.co.uk/companies/potato+flakes+buyer+india.html
2026-03-17 19:54:36,911 | WARNING | [BLOCKED] Europages robots disallow https://www.europages.co.uk/companies/potato+granules+buyer+india.html
2026-03-17 19:54:36,911 | WARNING | [BLOCKED] Europages robots disallow https://www.europages.co.uk/companies/potato+powder+buyer+india.html
2026-03-17 19:54:36,911 | WARNING | [BLOCKED] Europages robots disallow https://www.europages.co.uk/companies/potato+processing+company+india.html
2026-03-17 19:54:36,911 | WARNING | [BLOCKED] Europages robots disallow https://www.europages.co.uk/companies/snack+manufacturer+potato+india.html
2026-03-17 19:54:36,911 | WARNING | [BLOCKED] Europages robots disallow https://www.europages.co.uk/companies/frozen+foods+company+potato+india.html
2026-03-17 19:54:36,911 | WARNING | [BLOCKED] Europages robots disallow https://www.europages.co.uk/companies/food+distributor+potatoes+india.html
2026-03-17 19:54:36,912 | WARNING | [BLOCKED] Europages robots disallow https://www.europages.co.uk/companies/agro+importer+potatoes+india.html
2026-03-17 19:54:36,912 | WARNING | [BLOCKED] Europages robots disallow https://www.europages.co.uk/companies/retail+chain+potato+procurement+india.html
2026-03-17 19:54:36,912 | WARNING | [BLOCKED] Europages robots disallow https://www.europages.co.uk/companies/hotel+supply+potato+buyer+india.html
2026-03-17 19:54:36,912 | WARNING | [BLOCKED] Europages robots disallow https://www.europages.co.uk/companies/canteen+supplier+potato+india.html
2026-03-17 19:54:36,912 | WARNING | [BLOCKED] Europages robots disallow https://www.europages.co.uk/companies/institutional+potato+buyer+india.html
2026-03-17 19:54:36,912 | WARNING | [BLOCKED] Europages robots disallow https://www.europages.co.uk/companies/bulk+potato+purchase+india.html
2026-03-17 19:54:36,912 | WARNING | [BLOCKED] Europages robots disallow https://www.europages.co.uk/companies/potato+procurement+company+india.html
2026-03-17 19:54:36,913 | WARNING | [BLOCKED] Europages robots disallow https://www.europages.co.uk/companies/potato+trading+company+india.html
2026-03-17 19:54:36,913 | WARNING | [BLOCKED] Europages robots disallow https://www.europages.co.uk/companies/aloo+buyer+india.html
2026-03-17 19:54:36,913 | WARNING | [BLOCKED] Europages robots disallow https://www.europages.co.uk/companies/aloo+wholesaler+india.html
2026-03-17 19:54:36,913 | WARNING | [BLOCKED] Europages robots disallow https://www.europages.co.uk/companies/potato+supplier+for+chips+india.html
2026-03-17 19:54:36,913 | WARNING | [BLOCKED] Europages robots disallow https://www.europages.co.uk/companies/potato+supplier+for+fries+india.html
2026-03-17 19:54:36,913 | WARNING | [BLOCKED] Europages robots disallow https://www.europages.co.uk/companies/potato+starch+manufacturer+india.html
2026-03-17 19:54:36,913 | WARNING | [BLOCKED] Europages robots disallow https://www.europages.co.uk/companies/potato+flakes+importer+india.html
2026-03-17 19:54:36,914 | WARNING | [BLOCKED] Europages robots disallow https://www.europages.co.uk/companies/potato+flakes+distributor+india.html
2026-03-17 19:54:36,914 | WARNING | [BLOCKED] Europages robots disallow https://www.europages.co.uk/companies/potato+granules+importer+india.html
2026-03-17 19:54:36,914 | WARNING | [BLOCKED] Europages robots disallow https://www.europages.co.uk/companies/potato+products+buyer+india.html
2026-03-17 19:54:36,916 | WARNING | [BLOCKED] Europages robots disallow https://www.europages.co.uk/companies/frozen+french+fries+buyer+india.html
2026-03-17 19:54:36,916 | WARNING | [BLOCKED] Europages robots disallow https://www.europages.co.uk/companies/potato+wafer+manufacturer+india.html
2026-03-17 19:54:36,917 | WARNING | [BLOCKED] Europages robots disallow https://www.europages.co.uk/companies/namkeen+manufacturer+potato+india.html
2026-03-17 19:54:36,917 | WARNING | [BLOCKED] Europages robots disallow https://www.europages.co.uk/companies/quick+service+restaurant+potato+supplier+india.html
2026-03-17 19:54:36,918 | WARNING | [BLOCKED] Europages robots disallow https://www.europages.co.uk/companies/food+service+potato+buyer+india.html
2026-03-17 19:54:36,920 | WARNING | [BLOCKED] Europages robots disallow https://www.europages.co.uk/companies/cold+storage+potato+trader+india.html
2026-03-17 19:54:36,921 | WARNING | [BLOCKED] Europages robots disallow https://www.europages.co.uk/companies/vegetable+distributor+potatoes+india.html
2026-03-17 19:54:36,922 | WARNING | [BLOCKED] Europages robots disallow https://www.europages.co.uk/companies/farm+produce+buyer+potato+india.html
2026-03-17 19:54:36,922 | WARNING | [BLOCKED] Europages robots disallow https://www.europages.co.uk/companies/food+ingredient+buyer+potato+starch+india.html
2026-03-17 19:54:36,923 | WARNING | [BLOCKED] Europages robots disallow https://www.europages.co.uk/companies/processed+food+company+potato+india.html
2026-03-17 19:54:36,923 | WARNING | [BLOCKED] Europages robots disallow https://www.europages.co.uk/companies/potato+export+buyer+india.html
2026-03-17 19:54:36,923 | WARNING | [BLOCKED] Europages robots disallow https://www.europages.co.uk/companies/potato+import+company+india.html
2026-03-17 19:54:36,923 | WARNING | [BLOCKED] Europages robots disallow https://www.europages.co.uk/companies/potato+purchasing+manager+india.html
2026-03-17 19:54:36,928 | WARNING | [BLOCKED] Europages robots disallow https://www.europages.co.uk/companies/potato+sourcing+company+india.html
2026-03-17 19:54:36,931 | WARNING | [BLOCKED] Europages robots disallow https://www.europages.co.uk/companies/potato+contract+buyer+india.html
2026-03-17 19:54:36,931 | WARNING | [BLOCKED] Europages robots disallow https://www.europages.co.uk/companies/potato+b2b+buyer+india.html
2026-03-17 19:54:36,931 | WARNING | [BLOCKED] Europages robots disallow https://www.europages.co.uk/companies/industrial+potato+buyer+india.html
2026-03-17 19:54:36,932 | WARNING | [BLOCKED] Europages robots disallow https://www.europages.co.uk/companies/potato+manufacturer+contact+india.html
2026-03-17 19:54:36,932 | WARNING | [BLOCKED] Europages robots disallow https://www.europages.co.uk/companies/potato+procurement+lead+india.html
2026-03-17 19:54:36,932 | WARNING | [BLOCKED] Europages robots disallow https://www.europages.co.uk/companies/potato+bulk+buyer+india.html
2026-03-17 19:54:36,932 | WARNING | [BLOCKED] Europages robots disallow https://www.europages.co.uk/companies/potato+demand+company+india.html
2026-03-17 19:54:36,932 | WARNING | [BLOCKED] Europages robots disallow https://www.europages.co.uk/companies/potato+buyer+email+india.html
2026-03-17 19:54:36,933 | WARNING | [BLOCKED] Europages robots disallow https://www.europages.co.uk/companies/potato+processing+plant+india.html
2026-03-17 19:54:37,670 | INFO | [SEARCH] Kompass | potato buyer india
2026-03-17 19:54:38,636 | INFO | [SEARCH] Kompass | potato importer india
2026-03-17 19:54:39,791 | INFO | [SEARCH] Kompass | potato distributor india
2026-03-17 19:54:40,816 | INFO | [SEARCH] Kompass | potato wholesaler india
2026-03-17 19:54:41,573 | INFO | [SEARCH] Kompass | fresh potato buyer india
2026-03-17 19:54:42,674 | INFO | [SEARCH] Kompass | processing potato buyer india
2026-03-17 19:54:43,498 | INFO | [SEARCH] Kompass | frozen potato buyer india
2026-03-17 19:54:44,501 | INFO | [SEARCH] Kompass | table potato buyer india
2026-03-17 19:54:45,528 | INFO | [SEARCH] Kompass | seed potato buyer india
2026-03-17 19:54:46,484 | INFO | [SEARCH] Kompass | potato chips manufacturer india
2026-03-17 19:54:47,278 | INFO | [SEARCH] Kompass | french fries manufacturer india
2026-03-17 19:54:48,081 | INFO | [SEARCH] Kompass | potato starch buyer india
2026-03-17 19:54:48,823 | INFO | [SEARCH] Kompass | dehydrated potato buyer india
2026-03-17 19:54:49,598 | INFO | [SEARCH] Kompass | potato flakes buyer india
2026-03-17 19:54:50,474 | INFO | [SEARCH] Kompass | potato granules buyer india
2026-03-17 19:54:51,466 | INFO | [SEARCH] Kompass | potato powder buyer india
2026-03-17 19:54:52,327 | INFO | [SEARCH] Kompass | potato processing company india
2026-03-17 19:54:53,091 | INFO | [SEARCH] Kompass | snack manufacturer potato india
2026-03-17 19:54:54,233 | INFO | [SEARCH] Kompass | frozen foods company potato india
2026-03-17 19:54:55,111 | INFO | [SEARCH] Kompass | food distributor potatoes india
2026-03-17 19:54:55,972 | INFO | [SEARCH] Kompass | agro importer potatoes india
2026-03-17 19:54:56,840 | INFO | [SEARCH] Kompass | retail chain potato procurement india
2026-03-17 19:54:57,546 | INFO | [SEARCH] Kompass | hotel supply potato buyer india
2026-03-17 19:54:58,641 | INFO | [SEARCH] Kompass | canteen supplier potato india
2026-03-17 19:54:59,656 | INFO | [SEARCH] Kompass | institutional potato buyer india
2026-03-17 19:55:00,680 | INFO | [SEARCH] Kompass | bulk potato purchase india
2026-03-17 19:55:01,409 | INFO | [SEARCH] Kompass | potato procurement company india
2026-03-17 19:55:02,120 | INFO | [SEARCH] Kompass | potato trading company india
2026-03-17 19:55:03,157 | INFO | [SEARCH] Kompass | aloo buyer india
2026-03-17 19:55:04,143 | INFO | [SEARCH] Kompass | aloo wholesaler india
2026-03-17 19:55:05,390 | INFO | [SEARCH] Kompass | potato supplier for chips india
2026-03-17 19:55:06,404 | INFO | [SEARCH] Kompass | potato supplier for fries india
2026-03-17 19:55:07,437 | INFO | [SEARCH] Kompass | potato starch manufacturer india
2026-03-17 19:55:08,871 | INFO | [SEARCH] Kompass | potato flakes importer india
2026-03-17 19:55:10,104 | INFO | [SEARCH] Kompass | potato flakes distributor india
2026-03-17 19:55:10,919 | INFO | [SEARCH] Kompass | potato granules importer india
2026-03-17 19:55:12,557 | INFO | [SEARCH] Kompass | potato products buyer india
2026-03-17 19:55:13,334 | INFO | [SEARCH] Kompass | frozen french fries buyer india
2026-03-17 19:55:14,610 | INFO | [SEARCH] Kompass | potato wafer manufacturer india
2026-03-17 19:55:15,702 | INFO | [SEARCH] Kompass | namkeen manufacturer potato india
2026-03-17 19:55:16,653 | INFO | [SEARCH] Kompass | quick service restaurant potato supplier india
2026-03-17 19:55:17,502 | INFO | [SEARCH] Kompass | food service potato buyer india
2026-03-17 19:55:18,497 | INFO | [SEARCH] Kompass | cold storage potato trader india
2026-03-17 19:55:19,725 | INFO | [SEARCH] Kompass | vegetable distributor potatoes india
2026-03-17 19:55:20,954 | INFO | [SEARCH] Kompass | farm produce buyer potato india
2026-03-17 19:55:21,745 | INFO | [SEARCH] Kompass | food ingredient buyer potato starch india
2026-03-17 19:55:22,608 | INFO | [SEARCH] Kompass | processed food company potato india
2026-03-17 19:55:23,623 | INFO | [SEARCH] Kompass | potato export buyer india
2026-03-17 19:55:24,702 | INFO | [SEARCH] Kompass | potato import company india
2026-03-17 19:55:25,664 | INFO | [SEARCH] Kompass | potato purchasing manager india
2026-03-17 19:55:26,538 | INFO | [SEARCH] Kompass | potato sourcing company india
2026-03-17 19:55:28,121 | INFO | [SEARCH] Kompass | potato contract buyer india
2026-03-17 19:55:29,295 | INFO | [SEARCH] Kompass | potato b2b buyer india
2026-03-17 19:55:30,195 | INFO | [SEARCH] Kompass | industrial potato buyer india
2026-03-17 19:55:31,400 | INFO | [SEARCH] Kompass | potato manufacturer contact india
2026-03-17 19:55:32,243 | INFO | [SEARCH] Kompass | potato procurement lead india
2026-03-17 19:55:33,113 | INFO | [SEARCH] Kompass | potato bulk buyer india
2026-03-17 19:55:34,088 | INFO | [SEARCH] Kompass | potato demand company india
2026-03-17 19:55:34,856 | INFO | [SEARCH] Kompass | potato buyer email india
2026-03-17 19:55:35,741 | INFO | [SEARCH] Kompass | potato processing plant india
2026-03-17 19:55:36,805 | INFO | [SEARCH] TradeIndia | potato buyer india
2026-03-17 19:55:56,061 | INFO | [FOUND] https://www.tradeindia.com/join_now/verification.html -> 3 leads
